# JRE version: Java(TM) SE Runtime Environment (8.0_31-b13) (build 1.8.0_31-b13)
# Java VM: Java HotSpot(TM) 64-Bit Server VM (25.31-b07 mixed mode windows-amd64 compressed oops)
Heap:
 PSYoungGen      total 286208K, used 233796K [0x00000000eab00000, 0x00000000fe800000, 0x0000000100000000)
  eden space 249856K, 93% used [0x00000000eab00000,0x00000000f8f51290,0x00000000f9f00000)
  from space 36352K, 0% used [0x00000000fc480000,0x00000000fc480000,0x00000000fe800000)
  to   space 37376K, 0% used [0x00000000f9f00000,0x00000000f9f00000,0x00000000fc380000)
 ParOldGen       total 111104K, used 111010K [0x00000000c0000000, 0x00000000c6c80000, 0x00000000eab00000)
  object space 111104K, 99% used [0x00000000c0000000,0x00000000c6c68ad0,0x00000000c6c80000)
 Metaspace       used 100698K, capacity 105846K, committed 106112K, reserved 1138688K
  class space    used 13903K, capacity 15942K, committed 16000K, reserved 1048576K
GC Heap History (10 events):
Event: 1165.466 GC heap before
{Heap before GC invocations=29 (full 6):
 PSYoungGen      total 270336K, used 233472K [0x00000000eab00000, 0x00000000fd900000, 0x0000000100000000)
  eden space 233472K, 100% used [0x00000000eab00000,0x00000000f8f00000,0x00000000f8f00000)
  from space 36864K, 0% used [0x00000000fb500000,0x00000000fb500000,0x00000000fd900000)
  to   space 37888K, 0% used [0x00000000f8f00000,0x00000000f8f00000,0x00000000fb400000)
 ParOldGen       total 111104K, used 90946K [0x00000000c0000000, 0x00000000c6c80000, 0x00000000eab00000)
  object space 111104K, 81% used [0x00000000c0000000,0x00000000c58d08f0,0x00000000c6c80000)
 Metaspace       used 83225K, capacity 86898K, committed 87168K, reserved 1124352K
  class space    used 11379K, capacity 12839K, committed 12928K, reserved 1048576K
Event: 1165.489 GC heap after
Heap after GC invocations=29 (full 6):
 PSYoungGen      total 271360K, used 26422K [0x00000000eab00000, 0x00000000fea00000, 0x0000000100000000)
  eden space 233472K, 0% used [0x00000000eab00000,0x00000000eab00000,0x00000000f8f00000)
  from space 37888K, 69% used [0x00000000f8f00000,0x00000000fa8cd8c8,0x00000000fb400000)
  to   space 38400K, 0% used [0x00000000fc480000,0x00000000fc480000,0x00000000fea00000)
 ParOldGen       total 111104K, used 90954K [0x00000000c0000000, 0x00000000c6c80000, 0x00000000eab00000)
  object space 111104K, 81% used [0x00000000c0000000,0x00000000c58d28f0,0x00000000c6c80000)
 Metaspace       used 83225K, capacity 86898K, committed 87168K, reserved 1124352K
  class space    used 11379K, capacity 12839K, committed 12928K, reserved 1048576K
}
Event: 1170.051 GC heap before
{Heap before GC invocations=30 (full 6):
 PSYoungGen      total 271360K, used 136590K [0x00000000eab00000, 0x00000000fea00000, 0x0000000100000000)
  eden space 233472K, 47% used [0x00000000eab00000,0x00000000f1696268,0x00000000f8f00000)
  from space 37888K, 69% used [0x00000000f8f00000,0x00000000fa8cd8c8,0x00000000fb400000)
  to   space 38400K, 0% used [0x00000000fc480000,0x00000000fc480000,0x00000000fea00000)
 ParOldGen       total 111104K, used 90954K [0x00000000c0000000, 0x00000000c6c80000, 0x00000000eab00000)
  object space 111104K, 81% used [0x00000000c0000000,0x00000000c58d28f0,0x00000000c6c80000)
 Metaspace       used 83662K, capacity 87472K, committed 87808K, reserved 1124352K
  class space    used 11448K, capacity 12972K, committed 13056K, reserved 1048576K
Event: 1170.074 GC heap after
Heap after GC invocations=30 (full 6):
 PSYoungGen      total 286208K, used 22297K [0x00000000eab00000, 0x00000000fe800000, 0x0000000100000000)
  eden space 249856K, 0% used [0x00000000eab00000,0x00000000eab00000,0x00000000f9f00000)
  from space 36352K, 61% used [0x00000000fc480000,0x00000000fda46570,0x00000000fe800000)
  to   space 37376K, 0% used [0x00000000f9f00000,0x00000000f9f00000,0x00000000fc380000)
 ParOldGen       total 111104K, used 90962K [0x00000000c0000000, 0x00000000c6c80000, 0x00000000eab00000)
  object space 111104K, 81% used [0x00000000c0000000,0x00000000c58d48f0,0x00000000c6c80000)
 Metaspace       used 83662K, capacity 87472K, committed 87808K, reserved 1124352K
  class space    used 11448K, capacity 12972K, committed 13056K, reserved 1048576K
}
Event: 1170.074 GC heap before
{Heap before GC invocations=31 (full 7):
 PSYoungGen      total 286208K, used 22297K [0x00000000eab00000, 0x00000000fe800000, 0x0000000100000000)
  eden space 249856K, 0% used [0x00000000eab00000,0x00000000eab00000,0x00000000f9f00000)
  from space 36352K, 61% used [0x00000000fc480000,0x00000000fda46570,0x00000000fe800000)
  to   space 37376K, 0% used [0x00000000f9f00000,0x00000000f9f00000,0x00000000fc380000)
 ParOldGen       total 111104K, used 90962K [0x00000000c0000000, 0x00000000c6c80000, 0x00000000eab00000)
  object space 111104K, 81% used [0x00000000c0000000,0x00000000c58d48f0,0x00000000c6c80000)
 Metaspace       used 83662K, capacity 87472K, committed 87808K, reserved 1124352K
  class space    used 11448K, capacity 12972K, committed 13056K, reserved 1048576K
Event: 1170.639 GC heap after
Heap after GC invocations=31 (full 7):
 PSYoungGen      total 286208K, used 0K [0x00000000eab00000, 0x00000000fe800000, 0x0000000100000000)
  eden space 249856K, 0% used [0x00000000eab00000,0x00000000eab00000,0x00000000f9f00000)
  from space 36352K, 0% used [0x00000000fc480000,0x00000000fc480000,0x00000000fe800000)
  to   space 37376K, 0% used [0x00000000f9f00000,0x00000000f9f00000,0x00000000fc380000)
 ParOldGen       total 111104K, used 108018K [0x00000000c0000000, 0x00000000c6c80000, 0x00000000eab00000)
  object space 111104K, 97% used [0x00000000c0000000,0x00000000c697c800,0x00000000c6c80000)
 Metaspace       used 83638K, capacity 87414K, committed 87808K, reserved 1124352K
  class space    used 11437K, capacity 12931K, committed 13056K, reserved 1048576K
}
Event: 1181.716 GC heap before
{Heap before GC invocations=32 (full 8):
 PSYoungGen      total 286208K, used 249856K [0x00000000eab00000, 0x00000000fe800000, 0x0000000100000000)
  eden space 249856K, 100% used [0x00000000eab00000,0x00000000f9f00000,0x00000000f9f00000)
  from space 36352K, 0% used [0x00000000fc480000,0x00000000fc480000,0x00000000fe800000)
  to   space 37376K, 0% used [0x00000000f9f00000,0x00000000f9f00000,0x00000000fc380000)
 ParOldGen       total 111104K, used 108018K [0x00000000c0000000, 0x00000000c6c80000, 0x00000000eab00000)
  object space 111104K, 97% used [0x00000000c0000000,0x00000000c697c800,0x00000000c6c80000)
 Metaspace       used 91470K, capacity 95812K, committed 96000K, reserved 1130496K
  class space    used 12579K, capacity 14330K, committed 14336K, reserved 1048576K
Event: 1182.631 GC heap after
Heap after GC invocations=32 (full 8):
 PSYoungGen      total 286208K, used 19682K [0x00000000eab00000, 0x00000000fe800000, 0x0000000100000000)
  eden space 249856K, 7% used [0x00000000eab00000,0x00000000ebe38bd0,0x00000000f9f00000)
  from space 36352K, 0% used [0x00000000fc480000,0x00000000fc480000,0x00000000fe800000)
  to   space 37376K, 0% used [0x00000000f9f00000,0x00000000f9f00000,0x00000000fc380000)
 ParOldGen       total 111104K, used 111022K [0x00000000c0000000, 0x00000000c6c80000, 0x00000000eab00000)
  object space 111104K, 99% used [0x00000000c0000000,0x00000000c6c6bb00,0x00000000c6c80000)
 Metaspace       used 91470K, capacity 95812K, committed 96000K, reserved 1130496K
  class space    used 12579K, capacity 14330K, committed 14336K, reserved 1048576K
}
Event: 1189.511 GC heap before
{Heap before GC invocations=33 (full 9):
 PSYoungGen      total 286208K, used 249856K [0x00000000eab00000, 0x00000000fe800000, 0x0000000100000000)
  eden space 249856K, 100% used [0x00000000eab00000,0x00000000f9f00000,0x00000000f9f00000)
  from space 36352K, 0% used [0x00000000fc480000,0x00000000fc480000,0x00000000fe800000)
  to   space 37376K, 0% used [0x00000000f9f00000,0x00000000f9f00000,0x00000000fc380000)
 ParOldGen       total 111104K, used 111022K [0x00000000c0000000, 0x00000000c6c80000, 0x00000000eab00000)
  object space 111104K, 99% used [0x00000000c0000000,0x00000000c6c6bb00,0x00000000c6c80000)
 Metaspace       used 98977K, capacity 103772K, committed 104064K, reserved 1138688K
  class space    used 13668K, capacity 15622K, committed 15744K, reserved 1048576K
Event: 1190.224 GC heap after
Heap after GC invocations=33 (full 9):
 PSYoungGen      total 286208K, used 34814K [0x00000000eab00000, 0x00000000fe800000, 0x0000000100000000)
  eden space 249856K, 13% used [0x00000000eab00000,0x00000000eccff8d0,0x00000000f9f00000)
  from space 36352K, 0% used [0x00000000fc480000,0x00000000fc480000,0x00000000fe800000)
  to   space 37376K, 0% used [0x00000000f9f00000,0x00000000f9f00000,0x00000000fc380000)
 ParOldGen       total 111104K, used 111010K [0x00000000c0000000, 0x00000000c6c80000, 0x00000000eab00000)
  object space 111104K, 99% used [0x00000000c0000000,0x00000000c6c68ad0,0x00000000c6c80000)
 Metaspace       used 98977K, capacity 103772K, committed 104064K, reserved 1138688K
  class space    used 13668K, capacity 15622K, committed 15744K, reserved 1048576K
}

