# JRE version: Java(TM) SE Runtime Environment (8.0_31-b13) (build 1.8.0_31-b13)
# Java VM: Java HotSpot(TM) 64-Bit Server VM (25.31-b07 mixed mode windows-amd64 compressed oops)
Heap:
 PSYoungGen      total 110080K, used 34405K [0x00000000eab00000, 0x00000000f3080000, 0x0000000100000000)
  eden space 93184K, 18% used [0x00000000eab00000,0x00000000ebc1d4b8,0x00000000f0600000)
  from space 16896K, 99% used [0x00000000f1980000,0x00000000f29fc020,0x00000000f2a00000)
  to   space 19968K, 0% used [0x00000000f0600000,0x00000000f0600000,0x00000000f1980000)
 ParOldGen       total 114176K, used 25206K [0x00000000c0000000, 0x00000000c6f80000, 0x00000000eab00000)
  object space 114176K, 22% used [0x00000000c0000000,0x00000000c189db60,0x00000000c6f80000)
 Metaspace       used 40048K, capacity 41564K, committed 41728K, reserved 1085440K
  class space    used 5604K, capacity 6287K, committed 6400K, reserved 1048576K
GC Heap History (10 events):
Event: 10.433 GC heap before
{Heap before GC invocations=10 (full 1):
 PSYoungGen      total 76800K, used 64185K [0x00000000eab00000, 0x00000000f0d00000, 0x0000000100000000)
  eden space 66048K, 80% used [0x00000000eab00000,0x00000000edf32890,0x00000000eeb80000)
  from space 10752K, 99% used [0x00000000ef800000,0x00000000f027be68,0x00000000f0280000)
  to   space 12800K, 0% used [0x00000000eeb80000,0x00000000eeb80000,0x00000000ef800000)
 ParOldGen       total 66048K, used 9981K [0x00000000c0000000, 0x00000000c4080000, 0x00000000eab00000)
  object space 66048K, 15% used [0x00000000c0000000,0x00000000c09bf788,0x00000000c4080000)
 Metaspace       used 34583K, capacity 35442K, committed 35496K, reserved 1079296K
  class space    used 4752K, capacity 5119K, committed 5120K, reserved 1048576K
Event: 10.461 GC heap after
Heap after GC invocations=10 (full 1):
 PSYoungGen      total 78848K, used 12771K [0x00000000eab00000, 0x00000000f2300000, 0x0000000100000000)
  eden space 66048K, 0% used [0x00000000eab00000,0x00000000eab00000,0x00000000eeb80000)
  from space 12800K, 99% used [0x00000000eeb80000,0x00000000ef7f8c70,0x00000000ef800000)
  to   space 16384K, 0% used [0x00000000f1300000,0x00000000f1300000,0x00000000f2300000)
 ParOldGen       total 66048K, used 14472K [0x00000000c0000000, 0x00000000c4080000, 0x00000000eab00000)
  object space 66048K, 21% used [0x00000000c0000000,0x00000000c0e22218,0x00000000c4080000)
 Metaspace       used 34583K, capacity 35442K, committed 35496K, reserved 1079296K
  class space    used 4752K, capacity 5119K, committed 5120K, reserved 1048576K
}
Event: 10.461 GC heap before
{Heap before GC invocations=11 (full 2):
 PSYoungGen      total 78848K, used 12771K [0x00000000eab00000, 0x00000000f2300000, 0x0000000100000000)
  eden space 66048K, 0% used [0x00000000eab00000,0x00000000eab00000,0x00000000eeb80000)
  from space 12800K, 99% used [0x00000000eeb80000,0x00000000ef7f8c70,0x00000000ef800000)
  to   space 16384K, 0% used [0x00000000f1300000,0x00000000f1300000,0x00000000f2300000)
 ParOldGen       total 66048K, used 14472K [0x00000000c0000000, 0x00000000c4080000, 0x00000000eab00000)
  object space 66048K, 21% used [0x00000000c0000000,0x00000000c0e22218,0x00000000c4080000)
 Metaspace       used 34583K, capacity 35442K, committed 35496K, reserved 1079296K
  class space    used 4752K, capacity 5119K, committed 5120K, reserved 1048576K
Event: 10.678 GC heap after
Heap after GC invocations=11 (full 2):
 PSYoungGen      total 78848K, used 0K [0x00000000eab00000, 0x00000000f2300000, 0x0000000100000000)
  eden space 66048K, 0% used [0x00000000eab00000,0x00000000eab00000,0x00000000eeb80000)
  from space 12800K, 0% used [0x00000000eeb80000,0x00000000eeb80000,0x00000000ef800000)
  to   space 16384K, 0% used [0x00000000f1300000,0x00000000f1300000,0x00000000f2300000)
 ParOldGen       total 114176K, used 24044K [0x00000000c0000000, 0x00000000c6f80000, 0x00000000eab00000)
  object space 114176K, 21% used [0x00000000c0000000,0x00000000c177b1b8,0x00000000c6f80000)
 Metaspace       used 34583K, capacity 35442K, committed 35496K, reserved 1079296K
  class space    used 4752K, capacity 5119K, committed 5120K, reserved 1048576K
}
Event: 12.126 GC heap before
{Heap before GC invocations=12 (full 2):
 PSYoungGen      total 78848K, used 66048K [0x00000000eab00000, 0x00000000f2300000, 0x0000000100000000)
  eden space 66048K, 100% used [0x00000000eab00000,0x00000000eeb80000,0x00000000eeb80000)
  from space 12800K, 0% used [0x00000000eeb80000,0x00000000eeb80000,0x00000000ef800000)
  to   space 16384K, 0% used [0x00000000f1300000,0x00000000f1300000,0x00000000f2300000)
 ParOldGen       total 114176K, used 24044K [0x00000000c0000000, 0x00000000c6f80000, 0x00000000eab00000)
  object space 114176K, 21% used [0x00000000c0000000,0x00000000c177b1b8,0x00000000c6f80000)
 Metaspace       used 35939K, capacity 37016K, committed 37120K, reserved 1081344K
  class space    used 4914K, capacity 5309K, committed 5376K, reserved 1048576K
Event: 12.134 GC heap after
Heap after GC invocations=12 (full 2):
 PSYoungGen      total 86528K, used 6379K [0x00000000eab00000, 0x00000000f1980000, 0x0000000100000000)
  eden space 79872K, 0% used [0x00000000eab00000,0x00000000eab00000,0x00000000ef900000)
  from space 6656K, 95% used [0x00000000f1300000,0x00000000f193aed0,0x00000000f1980000)
  to   space 15872K, 0% used [0x00000000efa80000,0x00000000efa80000,0x00000000f0a00000)
 ParOldGen       total 114176K, used 24052K [0x00000000c0000000, 0x00000000c6f80000, 0x00000000eab00000)
  object space 114176K, 21% used [0x00000000c0000000,0x00000000c177d1b8,0x00000000c6f80000)
 Metaspace       used 35939K, capacity 37016K, committed 37120K, reserved 1081344K
  class space    used 4914K, capacity 5309K, committed 5376K, reserved 1048576K
}
Event: 13.506 GC heap before
{Heap before GC invocations=13 (full 2):
 PSYoungGen      total 86528K, used 86251K [0x00000000eab00000, 0x00000000f1980000, 0x0000000100000000)
  eden space 79872K, 100% used [0x00000000eab00000,0x00000000ef900000,0x00000000ef900000)
  from space 6656K, 95% used [0x00000000f1300000,0x00000000f193aed0,0x00000000f1980000)
  to   space 15872K, 0% used [0x00000000efa80000,0x00000000efa80000,0x00000000f0a00000)
 ParOldGen       total 114176K, used 24052K [0x00000000c0000000, 0x00000000c6f80000, 0x00000000eab00000)
  object space 114176K, 21% used [0x00000000c0000000,0x00000000c177d1b8,0x00000000c6f80000)
 Metaspace       used 37638K, capacity 38840K, committed 39040K, reserved 1083392K
  class space    used 5183K, capacity 5644K, committed 5760K, reserved 1048576K
Event: 13.524 GC heap after
Heap after GC invocations=13 (full 2):
 PSYoungGen      total 97280K, used 13856K [0x00000000eab00000, 0x00000000f2a00000, 0x0000000100000000)
  eden space 81408K, 0% used [0x00000000eab00000,0x00000000eab00000,0x00000000efa80000)
  from space 15872K, 87% used [0x00000000efa80000,0x00000000f0808000,0x00000000f0a00000)
  to   space 16896K, 0% used [0x00000000f1980000,0x00000000f1980000,0x00000000f2a00000)
 ParOldGen       total 114176K, used 24060K [0x00000000c0000000, 0x00000000c6f80000, 0x00000000eab00000)
  object space 114176K, 21% used [0x00000000c0000000,0x00000000c177f1b8,0x00000000c6f80000)
 Metaspace       used 37638K, capacity 38840K, committed 39040K, reserved 1083392K
  class space    used 5183K, capacity 5644K, committed 5760K, reserved 1048576K
}
Event: 17.136 GC heap before
{Heap before GC invocations=14 (full 2):
 PSYoungGen      total 97280K, used 95264K [0x00000000eab00000, 0x00000000f2a00000, 0x0000000100000000)
  eden space 81408K, 100% used [0x00000000eab00000,0x00000000efa80000,0x00000000efa80000)
  from space 15872K, 87% used [0x00000000efa80000,0x00000000f0808000,0x00000000f0a00000)
  to   space 16896K, 0% used [0x00000000f1980000,0x00000000f1980000,0x00000000f2a00000)
 ParOldGen       total 114176K, used 24060K [0x00000000c0000000, 0x00000000c6f80000, 0x00000000eab00000)
  object space 114176K, 21% used [0x00000000c0000000,0x00000000c177f1b8,0x00000000c6f80000)
 Metaspace       used 39666K, capacity 40994K, committed 41216K, reserved 1085440K
  class space    used 5506K, capacity 6033K, committed 6144K, reserved 1048576K
Event: 17.159 GC heap after
Heap after GC invocations=14 (full 2):
 PSYoungGen      total 110080K, used 16880K [0x00000000eab00000, 0x00000000f3080000, 0x0000000100000000)
  eden space 93184K, 0% used [0x00000000eab00000,0x00000000eab00000,0x00000000f0600000)
  from space 16896K, 99% used [0x00000000f1980000,0x00000000f29fc020,0x00000000f2a00000)
  to   space 19968K, 0% used [0x00000000f0600000,0x00000000f0600000,0x00000000f1980000)
 ParOldGen       total 114176K, used 25206K [0x00000000c0000000, 0x00000000c6f80000, 0x00000000eab00000)
  object space 114176K, 22% used [0x00000000c0000000,0x00000000c189db60,0x00000000c6f80000)
 Metaspace       used 39666K, capacity 40994K, committed 41216K, reserved 1085440K
  class space    used 5506K, capacity 6033K, committed 6144K, reserved 1048576K
}

