# JRE version: Java(TM) SE Runtime Environment (8.0_31-b13) (build 1.8.0_31-b13)
# Java VM: Java HotSpot(TM) 64-Bit Server VM (25.31-b07 mixed mode windows-amd64 compressed oops)
Heap:
 PSYoungGen      total 169984K, used 76425K [0x00000000eab00000, 0x00000000f9900000, 0x0000000100000000)
  eden space 130560K, 28% used [0x00000000eab00000,0x00000000ecf234c0,0x00000000f2a80000)
  from space 39424K, 99% used [0x00000000f2a80000,0x00000000f50ff050,0x00000000f5100000)
  to   space 48640K, 0% used [0x00000000f6980000,0x00000000f6980000,0x00000000f9900000)
 ParOldGen       total 117248K, used 62684K [0x00000000c0000000, 0x00000000c7280000, 0x00000000eab00000)
  object space 117248K, 53% used [0x00000000c0000000,0x00000000c3d37020,0x00000000c7280000)
 Metaspace       used 67363K, capacity 70050K, committed 70272K, reserved 1110016K
  class space    used 9223K, capacity 10299K, committed 10368K, reserved 1048576K
GC Heap History (10 events):
Event: 40.307 GC heap before
{Heap before GC invocations=18 (full 3):
 PSYoungGen      total 131584K, used 102400K [0x00000000eab00000, 0x00000000f4f80000, 0x0000000100000000)
  eden space 102400K, 100% used [0x00000000eab00000,0x00000000f0f00000,0x00000000f0f00000)
  from space 29184K, 0% used [0x00000000f2e00000,0x00000000f2e00000,0x00000000f4a80000)
  to   space 31744K, 0% used [0x00000000f0f00000,0x00000000f0f00000,0x00000000f2e00000)
 ParOldGen       total 117248K, used 50170K [0x00000000c0000000, 0x00000000c7280000, 0x00000000eab00000)
  object space 117248K, 42% used [0x00000000c0000000,0x00000000c30fe838,0x00000000c7280000)
 Metaspace       used 55173K, capacity 57084K, committed 57216K, reserved 1097728K
  class space    used 7529K, capacity 8288K, committed 8320K, reserved 1048576K
Event: 40.323 GC heap after
Heap after GC invocations=18 (full 3):
 PSYoungGen      total 134144K, used 12817K [0x00000000eab00000, 0x00000000f5a00000, 0x0000000100000000)
  eden space 102400K, 0% used [0x00000000eab00000,0x00000000eab00000,0x00000000f0f00000)
  from space 31744K, 40% used [0x00000000f0f00000,0x00000000f1b84720,0x00000000f2e00000)
  to   space 30208K, 0% used [0x00000000f3c80000,0x00000000f3c80000,0x00000000f5a00000)
 ParOldGen       total 117248K, used 50178K [0x00000000c0000000, 0x00000000c7280000, 0x00000000eab00000)
  object space 117248K, 42% used [0x00000000c0000000,0x00000000c3100838,0x00000000c7280000)
 Metaspace       used 55173K, capacity 57084K, committed 57216K, reserved 1097728K
  class space    used 7529K, capacity 8288K, committed 8320K, reserved 1048576K
}
Event: 41.692 GC heap before
{Heap before GC invocations=19 (full 3):
 PSYoungGen      total 134144K, used 115217K [0x00000000eab00000, 0x00000000f5a00000, 0x0000000100000000)
  eden space 102400K, 100% used [0x00000000eab00000,0x00000000f0f00000,0x00000000f0f00000)
  from space 31744K, 40% used [0x00000000f0f00000,0x00000000f1b84720,0x00000000f2e00000)
  to   space 30208K, 0% used [0x00000000f3c80000,0x00000000f3c80000,0x00000000f5a00000)
 ParOldGen       total 117248K, used 50178K [0x00000000c0000000, 0x00000000c7280000, 0x00000000eab00000)
  object space 117248K, 42% used [0x00000000c0000000,0x00000000c3100838,0x00000000c7280000)
 Metaspace       used 57083K, capacity 59188K, committed 59392K, reserved 1099776K
  class space    used 7793K, capacity 8578K, committed 8704K, reserved 1048576K
Event: 41.715 GC heap after
Heap after GC invocations=19 (full 3):
 PSYoungGen      total 148992K, used 18697K [0x00000000eab00000, 0x00000000f5c80000, 0x0000000100000000)
  eden space 118784K, 0% used [0x00000000eab00000,0x00000000eab00000,0x00000000f1f00000)
  from space 30208K, 61% used [0x00000000f3c80000,0x00000000f4ec25e8,0x00000000f5a00000)
  to   space 30208K, 0% used [0x00000000f1f00000,0x00000000f1f00000,0x00000000f3c80000)
 ParOldGen       total 117248K, used 50186K [0x00000000c0000000, 0x00000000c7280000, 0x00000000eab00000)
  object space 117248K, 42% used [0x00000000c0000000,0x00000000c3102838,0x00000000c7280000)
 Metaspace       used 57083K, capacity 59188K, committed 59392K, reserved 1099776K
  class space    used 7793K, capacity 8578K, committed 8704K, reserved 1048576K
}
Event: 111.113 GC heap before
{Heap before GC invocations=20 (full 3):
 PSYoungGen      total 148992K, used 137481K [0x00000000eab00000, 0x00000000f5c80000, 0x0000000100000000)
  eden space 118784K, 100% used [0x00000000eab00000,0x00000000f1f00000,0x00000000f1f00000)
  from space 30208K, 61% used [0x00000000f3c80000,0x00000000f4ec25e8,0x00000000f5a00000)
  to   space 30208K, 0% used [0x00000000f1f00000,0x00000000f1f00000,0x00000000f3c80000)
 ParOldGen       total 117248K, used 50186K [0x00000000c0000000, 0x00000000c7280000, 0x00000000eab00000)
  object space 117248K, 42% used [0x00000000c0000000,0x00000000c3102838,0x00000000c7280000)
 Metaspace       used 61304K, capacity 63840K, committed 63872K, reserved 1103872K
  class space    used 8356K, capacity 9314K, committed 9344K, reserved 1048576K
Event: 111.136 GC heap after
Heap after GC invocations=20 (full 3):
 PSYoungGen      total 148992K, used 26261K [0x00000000eab00000, 0x00000000f7180000, 0x0000000100000000)
  eden space 118784K, 0% used [0x00000000eab00000,0x00000000eab00000,0x00000000f1f00000)
  from space 30208K, 86% used [0x00000000f1f00000,0x00000000f38a5440,0x00000000f3c80000)
  to   space 33280K, 0% used [0x00000000f5100000,0x00000000f5100000,0x00000000f7180000)
 ParOldGen       total 117248K, used 50194K [0x00000000c0000000, 0x00000000c7280000, 0x00000000eab00000)
  object space 117248K, 42% used [0x00000000c0000000,0x00000000c3104838,0x00000000c7280000)
 Metaspace       used 61304K, capacity 63840K, committed 63872K, reserved 1103872K
  class space    used 8356K, capacity 9314K, committed 9344K, reserved 1048576K
}
Event: 112.471 GC heap before
{Heap before GC invocations=21 (full 3):
 PSYoungGen      total 148992K, used 145045K [0x00000000eab00000, 0x00000000f7180000, 0x0000000100000000)
  eden space 118784K, 100% used [0x00000000eab00000,0x00000000f1f00000,0x00000000f1f00000)
  from space 30208K, 86% used [0x00000000f1f00000,0x00000000f38a5440,0x00000000f3c80000)
  to   space 33280K, 0% used [0x00000000f5100000,0x00000000f5100000,0x00000000f7180000)
 ParOldGen       total 117248K, used 50194K [0x00000000c0000000, 0x00000000c7280000, 0x00000000eab00000)
  object space 117248K, 42% used [0x00000000c0000000,0x00000000c3104838,0x00000000c7280000)
 Metaspace       used 65285K, capacity 67834K, committed 68096K, reserved 1107968K
  class space    used 8960K, capacity 9982K, committed 9984K, reserved 1048576K
Event: 112.503 GC heap after
Heap after GC invocations=21 (full 3):
 PSYoungGen      total 163840K, used 33276K [0x00000000eab00000, 0x00000000f7b80000, 0x0000000100000000)
  eden space 130560K, 0% used [0x00000000eab00000,0x00000000eab00000,0x00000000f2a80000)
  from space 33280K, 99% used [0x00000000f5100000,0x00000000f717f050,0x00000000f7180000)
  to   space 39424K, 0% used [0x00000000f2a80000,0x00000000f2a80000,0x00000000f5100000)
 ParOldGen       total 117248K, used 53258K [0x00000000c0000000, 0x00000000c7280000, 0x00000000eab00000)
  object space 117248K, 45% used [0x00000000c0000000,0x00000000c3402bc0,0x00000000c7280000)
 Metaspace       used 65285K, capacity 67834K, committed 68096K, reserved 1107968K
  class space    used 8960K, capacity 9982K, committed 9984K, reserved 1048576K
}
Event: 118.970 GC heap before
{Heap before GC invocations=22 (full 3):
 PSYoungGen      total 163840K, used 163836K [0x00000000eab00000, 0x00000000f7b80000, 0x0000000100000000)
  eden space 130560K, 100% used [0x00000000eab00000,0x00000000f2a80000,0x00000000f2a80000)
  from space 33280K, 99% used [0x00000000f5100000,0x00000000f717f050,0x00000000f7180000)
  to   space 39424K, 0% used [0x00000000f2a80000,0x00000000f2a80000,0x00000000f5100000)
 ParOldGen       total 117248K, used 53258K [0x00000000c0000000, 0x00000000c7280000, 0x00000000eab00000)
  object space 117248K, 45% used [0x00000000c0000000,0x00000000c3402bc0,0x00000000c7280000)
 Metaspace       used 67229K, capacity 69884K, committed 70016K, reserved 1110016K
  class space    used 9213K, capacity 10265K, committed 10368K, reserved 1048576K
Event: 119.006 GC heap after
Heap after GC invocations=22 (full 3):
 PSYoungGen      total 169984K, used 39420K [0x00000000eab00000, 0x00000000f9900000, 0x0000000100000000)
  eden space 130560K, 0% used [0x00000000eab00000,0x00000000eab00000,0x00000000f2a80000)
  from space 39424K, 99% used [0x00000000f2a80000,0x00000000f50ff050,0x00000000f5100000)
  to   space 48640K, 0% used [0x00000000f6980000,0x00000000f6980000,0x00000000f9900000)
 ParOldGen       total 117248K, used 62684K [0x00000000c0000000, 0x00000000c7280000, 0x00000000eab00000)
  object space 117248K, 53% used [0x00000000c0000000,0x00000000c3d37020,0x00000000c7280000)
 Metaspace       used 67229K, capacity 69884K, committed 70016K, reserved 1110016K
  class space    used 9213K, capacity 10265K, committed 10368K, reserved 1048576K
}

