# JRE version: Java(TM) SE Runtime Environment (8.0_31-b13) (build 1.8.0_31-b13)
# Java VM: Java HotSpot(TM) 64-Bit Server VM (25.31-b07 mixed mode windows-amd64 compressed oops)
Heap:
 PSYoungGen      total 138240K, used 86930K [0x00000000eab00000, 0x00000000fa880000, 0x0000000100000000)
  eden space 133120K, 61% used [0x00000000eab00000,0x00000000efaeb520,0x00000000f2d00000)
  from space 5120K, 99% used [0x00000000f2d00000,0x00000000f31f9570,0x00000000f3200000)
  to   space 33792K, 0% used [0x00000000f8780000,0x00000000f8780000,0x00000000fa880000)
 ParOldGen       total 96768K, used 50512K [0x00000000c0000000, 0x00000000c5e80000, 0x00000000eab00000)
  object space 96768K, 52% used [0x00000000c0000000,0x00000000c31543b8,0x00000000c5e80000)
 Metaspace       used 8006K, capacity 8254K, committed 8576K, reserved 1056768K
  class space    used 763K, capacity 817K, committed 896K, reserved 1048576K
GC Heap History (10 events):
Event: 6.013 GC heap before
{Heap before GC invocations=6 (full 0):
 PSYoungGen      total 138240K, used 138231K [0x00000000eab00000, 0x00000000f3700000, 0x0000000100000000)
  eden space 133120K, 100% used [0x00000000eab00000,0x00000000f2d00000,0x00000000f2d00000)
  from space 5120K, 99% used [0x00000000f2d00000,0x00000000f31fdfc0,0x00000000f3200000)
  to   space 5120K, 0% used [0x00000000f3200000,0x00000000f3200000,0x00000000f3700000)
 ParOldGen       total 87552K, used 29844K [0x00000000c0000000, 0x00000000c5580000, 0x00000000eab00000)
  object space 87552K, 34% used [0x00000000c0000000,0x00000000c1d25268,0x00000000c5580000)
 Metaspace       used 7983K, capacity 8254K, committed 8576K, reserved 1056768K
  class space    used 763K, capacity 817K, committed 896K, reserved 1048576K
Event: 6.032 GC heap after
Heap after GC invocations=6 (full 0):
 PSYoungGen      total 138240K, used 5115K [0x00000000eab00000, 0x00000000f3700000, 0x0000000100000000)
  eden space 133120K, 0% used [0x00000000eab00000,0x00000000eab00000,0x00000000f2d00000)
  from space 5120K, 99% used [0x00000000f3200000,0x00000000f36fec58,0x00000000f3700000)
  to   space 5120K, 0% used [0x00000000f2d00000,0x00000000f2d00000,0x00000000f3200000)
 ParOldGen       total 87552K, used 51473K [0x00000000c0000000, 0x00000000c5580000, 0x00000000eab00000)
  object space 87552K, 58% used [0x00000000c0000000,0x00000000c32444f0,0x00000000c5580000)
 Metaspace       used 7983K, capacity 8254K, committed 8576K, reserved 1056768K
  class space    used 763K, capacity 817K, committed 896K, reserved 1048576K
}
Event: 6.360 GC heap before
{Heap before GC invocations=7 (full 0):
 PSYoungGen      total 138240K, used 133755K [0x00000000eab00000, 0x00000000f3700000, 0x0000000100000000)
  eden space 133120K, 96% used [0x00000000eab00000,0x00000000f28a0268,0x00000000f2d00000)
  from space 5120K, 99% used [0x00000000f3200000,0x00000000f36fec58,0x00000000f3700000)
  to   space 5120K, 0% used [0x00000000f2d00000,0x00000000f2d00000,0x00000000f3200000)
 ParOldGen       total 87552K, used 51473K [0x00000000c0000000, 0x00000000c5580000, 0x00000000eab00000)
  object space 87552K, 58% used [0x00000000c0000000,0x00000000c32444f0,0x00000000c5580000)
 Metaspace       used 7987K, capacity 8254K, committed 8576K, reserved 1056768K
  class space    used 763K, capacity 817K, committed 896K, reserved 1048576K
Event: 6.373 GC heap after
Heap after GC invocations=7 (full 0):
 PSYoungGen      total 138240K, used 2556K [0x00000000eab00000, 0x00000000f3700000, 0x0000000100000000)
  eden space 133120K, 0% used [0x00000000eab00000,0x00000000eab00000,0x00000000f2d00000)
  from space 5120K, 49% used [0x00000000f2d00000,0x00000000f2f7f0a0,0x00000000f3200000)
  to   space 5120K, 0% used [0x00000000f3200000,0x00000000f3200000,0x00000000f3700000)
 ParOldGen       total 87552K, used 60724K [0x00000000c0000000, 0x00000000c5580000, 0x00000000eab00000)
  object space 87552K, 69% used [0x00000000c0000000,0x00000000c3b4d2a8,0x00000000c5580000)
 Metaspace       used 7987K, capacity 8254K, committed 8576K, reserved 1056768K
  class space    used 763K, capacity 817K, committed 896K, reserved 1048576K
}
Event: 6.686 GC heap before
{Heap before GC invocations=8 (full 0):
 PSYoungGen      total 138240K, used 135676K [0x00000000eab00000, 0x00000000f3700000, 0x0000000100000000)
  eden space 133120K, 100% used [0x00000000eab00000,0x00000000f2d00000,0x00000000f2d00000)
  from space 5120K, 49% used [0x00000000f2d00000,0x00000000f2f7f0a0,0x00000000f3200000)
  to   space 5120K, 0% used [0x00000000f3200000,0x00000000f3200000,0x00000000f3700000)
 ParOldGen       total 87552K, used 60724K [0x00000000c0000000, 0x00000000c5580000, 0x00000000eab00000)
  object space 87552K, 69% used [0x00000000c0000000,0x00000000c3b4d2a8,0x00000000c5580000)
 Metaspace       used 7987K, capacity 8254K, committed 8576K, reserved 1056768K
  class space    used 763K, capacity 817K, committed 896K, reserved 1048576K
Event: 6.698 GC heap after
Heap after GC invocations=8 (full 0):
 PSYoungGen      total 138240K, used 5107K [0x00000000eab00000, 0x00000000f3700000, 0x0000000100000000)
  eden space 133120K, 0% used [0x00000000eab00000,0x00000000eab00000,0x00000000f2d00000)
  from space 5120K, 99% used [0x00000000f3200000,0x00000000f36fce70,0x00000000f3700000)
  to   space 5120K, 0% used [0x00000000f2d00000,0x00000000f2d00000,0x00000000f3200000)
 ParOldGen       total 87552K, used 84968K [0x00000000c0000000, 0x00000000c5580000, 0x00000000eab00000)
  object space 87552K, 97% used [0x00000000c0000000,0x00000000c52fa088,0x00000000c5580000)
 Metaspace       used 7987K, capacity 8254K, committed 8576K, reserved 1056768K
  class space    used 763K, capacity 817K, committed 896K, reserved 1048576K
}
Event: 6.699 GC heap before
{Heap before GC invocations=9 (full 1):
 PSYoungGen      total 138240K, used 5107K [0x00000000eab00000, 0x00000000f3700000, 0x0000000100000000)
  eden space 133120K, 0% used [0x00000000eab00000,0x00000000eab00000,0x00000000f2d00000)
  from space 5120K, 99% used [0x00000000f3200000,0x00000000f36fce70,0x00000000f3700000)
  to   space 5120K, 0% used [0x00000000f2d00000,0x00000000f2d00000,0x00000000f3200000)
 ParOldGen       total 87552K, used 84968K [0x00000000c0000000, 0x00000000c5580000, 0x00000000eab00000)
  object space 87552K, 97% used [0x00000000c0000000,0x00000000c52fa088,0x00000000c5580000)
 Metaspace       used 7987K, capacity 8254K, committed 8576K, reserved 1056768K
  class space    used 763K, capacity 817K, committed 896K, reserved 1048576K
Event: 6.768 GC heap after
Heap after GC invocations=9 (full 1):
 PSYoungGen      total 138240K, used 0K [0x00000000eab00000, 0x00000000f3700000, 0x0000000100000000)
  eden space 133120K, 0% used [0x00000000eab00000,0x00000000eab00000,0x00000000f2d00000)
  from space 5120K, 0% used [0x00000000f3200000,0x00000000f3200000,0x00000000f3700000)
  to   space 5120K, 0% used [0x00000000f2d00000,0x00000000f2d00000,0x00000000f3200000)
 ParOldGen       total 96768K, used 31218K [0x00000000c0000000, 0x00000000c5e80000, 0x00000000eab00000)
  object space 96768K, 32% used [0x00000000c0000000,0x00000000c1e7c918,0x00000000c5e80000)
 Metaspace       used 7987K, capacity 8254K, committed 8576K, reserved 1056768K
  class space    used 763K, capacity 817K, committed 896K, reserved 1048576K
}
Event: 7.106 GC heap before
{Heap before GC invocations=10 (full 1):
 PSYoungGen      total 138240K, used 133120K [0x00000000eab00000, 0x00000000f3700000, 0x0000000100000000)
  eden space 133120K, 100% used [0x00000000eab00000,0x00000000f2d00000,0x00000000f2d00000)
  from space 5120K, 0% used [0x00000000f3200000,0x00000000f3200000,0x00000000f3700000)
  to   space 5120K, 0% used [0x00000000f2d00000,0x00000000f2d00000,0x00000000f3200000)
 ParOldGen       total 96768K, used 31218K [0x00000000c0000000, 0x00000000c5e80000, 0x00000000eab00000)
  object space 96768K, 32% used [0x00000000c0000000,0x00000000c1e7c918,0x00000000c5e80000)
 Metaspace       used 7993K, capacity 8254K, committed 8576K, reserved 1056768K
  class space    used 763K, capacity 817K, committed 896K, reserved 1048576K
Event: 7.112 GC heap after
Heap after GC invocations=10 (full 1):
 PSYoungGen      total 138240K, used 5093K [0x00000000eab00000, 0x00000000fa880000, 0x0000000100000000)
  eden space 133120K, 0% used [0x00000000eab00000,0x00000000eab00000,0x00000000f2d00000)
  from space 5120K, 99% used [0x00000000f2d00000,0x00000000f31f9570,0x00000000f3200000)
  to   space 33792K, 0% used [0x00000000f8780000,0x00000000f8780000,0x00000000fa880000)
 ParOldGen       total 96768K, used 50512K [0x00000000c0000000, 0x00000000c5e80000, 0x00000000eab00000)
  object space 96768K, 52% used [0x00000000c0000000,0x00000000c31543b8,0x00000000c5e80000)
 Metaspace       used 7993K, capacity 8254K, committed 8576K, reserved 1056768K
  class space    used 763K, capacity 817K, committed 896K, reserved 1048576K
}

