# JRE version: Java(TM) SE Runtime Environment (8.0_31-b13) (build 1.8.0_31-b13)
# Java VM: Java HotSpot(TM) 64-Bit Server VM (25.31-b07 mixed mode windows-amd64 compressed oops)
Heap:
 PSYoungGen      total 67072K, used 36708K [0x00000000eab00000, 0x00000000ef800000, 0x0000000100000000)
  eden space 61952K, 51% used [0x00000000eab00000,0x00000000ec9dbb48,0x00000000ee780000)
  from space 5120K, 99% used [0x00000000ee780000,0x00000000eec7d6f0,0x00000000eec80000)
  to   space 5120K, 0% used [0x00000000ef300000,0x00000000ef300000,0x00000000ef800000)
 ParOldGen       total 79872K, used 4894K [0x00000000c0000000, 0x00000000c4e00000, 0x00000000eab00000)
  object space 79872K, 6% used [0x00000000c0000000,0x00000000c04c7b78,0x00000000c4e00000)
 Metaspace       used 5813K, capacity 7024K, committed 7296K, reserved 1060864K
  class space    used 549K, capacity 616K, committed 640K, reserved 1048576K
GC Heap History (10 events):
Event: 0.409 GC heap before
{Heap before GC invocations=1 (full 0):
 PSYoungGen      total 38400K, used 3336K [0x00000000eab00000, 0x00000000ed580000, 0x0000000100000000)
  eden space 33280K, 10% used [0x00000000eab00000,0x00000000eae42320,0x00000000ecb80000)
  from space 5120K, 0% used [0x00000000ed080000,0x00000000ed080000,0x00000000ed580000)
  to   space 5120K, 0% used [0x00000000ecb80000,0x00000000ecb80000,0x00000000ed080000)
 ParOldGen       total 87552K, used 0K [0x00000000c0000000, 0x00000000c5580000, 0x00000000eab00000)
  object space 87552K, 0% used [0x00000000c0000000,0x00000000c0000000,0x00000000c5580000)
 Metaspace       used 3195K, capacity 4720K, committed 4864K, reserved 1060864K
  class space    used 346K, capacity 424K, committed 512K, reserved 1048576K
Event: 0.486 GC heap after
Heap after GC invocations=1 (full 0):
 PSYoungGen      total 38400K, used 1028K [0x00000000eab00000, 0x00000000ef600000, 0x0000000100000000)
  eden space 33280K, 0% used [0x00000000eab00000,0x00000000eab00000,0x00000000ecb80000)
  from space 5120K, 20% used [0x00000000ecb80000,0x00000000ecc813e8,0x00000000ed080000)
  to   space 5120K, 0% used [0x00000000ef100000,0x00000000ef100000,0x00000000ef600000)
 ParOldGen       total 87552K, used 8K [0x00000000c0000000, 0x00000000c5580000, 0x00000000eab00000)
  object space 87552K, 0% used [0x00000000c0000000,0x00000000c0002000,0x00000000c5580000)
 Metaspace       used 3195K, capacity 4720K, committed 4864K, reserved 1060864K
  class space    used 346K, capacity 424K, committed 512K, reserved 1048576K
}
Event: 0.486 GC heap before
{Heap before GC invocations=2 (full 1):
 PSYoungGen      total 38400K, used 1028K [0x00000000eab00000, 0x00000000ef600000, 0x0000000100000000)
  eden space 33280K, 0% used [0x00000000eab00000,0x00000000eab00000,0x00000000ecb80000)
  from space 5120K, 20% used [0x00000000ecb80000,0x00000000ecc813e8,0x00000000ed080000)
  to   space 5120K, 0% used [0x00000000ef100000,0x00000000ef100000,0x00000000ef600000)
 ParOldGen       total 87552K, used 8K [0x00000000c0000000, 0x00000000c5580000, 0x00000000eab00000)
  object space 87552K, 0% used [0x00000000c0000000,0x00000000c0002000,0x00000000c5580000)
 Metaspace       used 3195K, capacity 4720K, committed 4864K, reserved 1060864K
  class space    used 346K, capacity 424K, committed 512K, reserved 1048576K
Event: 0.564 GC heap after
Heap after GC invocations=2 (full 1):
 PSYoungGen      total 38400K, used 0K [0x00000000eab00000, 0x00000000ef600000, 0x0000000100000000)
  eden space 33280K, 0% used [0x00000000eab00000,0x00000000eab00000,0x00000000ecb80000)
  from space 5120K, 0% used [0x00000000ecb80000,0x00000000ecb80000,0x00000000ed080000)
  to   space 5120K, 0% used [0x00000000ef100000,0x00000000ef100000,0x00000000ef600000)
 ParOldGen       total 50176K, used 878K [0x00000000c0000000, 0x00000000c3100000, 0x00000000eab00000)
  object space 50176K, 1% used [0x00000000c0000000,0x00000000c00db850,0x00000000c3100000)
 Metaspace       used 3195K, capacity 4720K, committed 4864K, reserved 1058816K
  class space    used 346K, capacity 424K, committed 512K, reserved 1048576K
}
Event: 0.731 GC heap before
{Heap before GC invocations=3 (full 1):
 PSYoungGen      total 38400K, used 1996K [0x00000000eab00000, 0x00000000ef600000, 0x0000000100000000)
  eden space 33280K, 6% used [0x00000000eab00000,0x00000000eacf33a8,0x00000000ecb80000)
  from space 5120K, 0% used [0x00000000ecb80000,0x00000000ecb80000,0x00000000ed080000)
  to   space 5120K, 0% used [0x00000000ef100000,0x00000000ef100000,0x00000000ef600000)
 ParOldGen       total 50176K, used 878K [0x00000000c0000000, 0x00000000c3100000, 0x00000000eab00000)
  object space 50176K, 1% used [0x00000000c0000000,0x00000000c00db850,0x00000000c3100000)
 Metaspace       used 3561K, capacity 5040K, committed 5120K, reserved 1062912K
  class space    used 393K, capacity 488K, committed 512K, reserved 1048576K
Event: 0.777 GC heap after
Heap after GC invocations=3 (full 1):
 PSYoungGen      total 51712K, used 416K [0x00000000eab00000, 0x00000000ef180000, 0x0000000100000000)
  eden space 51200K, 0% used [0x00000000eab00000,0x00000000eab00000,0x00000000edd00000)
  from space 512K, 81% used [0x00000000ef100000,0x00000000ef168000,0x00000000ef180000)
  to   space 5120K, 0% used [0x00000000ee780000,0x00000000ee780000,0x00000000eec80000)
 ParOldGen       total 50176K, used 886K [0x00000000c0000000, 0x00000000c3100000, 0x00000000eab00000)
  object space 50176K, 1% used [0x00000000c0000000,0x00000000c00dd850,0x00000000c3100000)
 Metaspace       used 3561K, capacity 5040K, committed 5120K, reserved 1062912K
  class space    used 393K, capacity 488K, committed 512K, reserved 1048576K
}
Event: 0.777 GC heap before
{Heap before GC invocations=4 (full 2):
 PSYoungGen      total 51712K, used 416K [0x00000000eab00000, 0x00000000ef180000, 0x0000000100000000)
  eden space 51200K, 0% used [0x00000000eab00000,0x00000000eab00000,0x00000000edd00000)
  from space 512K, 81% used [0x00000000ef100000,0x00000000ef168000,0x00000000ef180000)
  to   space 5120K, 0% used [0x00000000ee780000,0x00000000ee780000,0x00000000eec80000)
 ParOldGen       total 50176K, used 886K [0x00000000c0000000, 0x00000000c3100000, 0x00000000eab00000)
  object space 50176K, 1% used [0x00000000c0000000,0x00000000c00dd850,0x00000000c3100000)
 Metaspace       used 3561K, capacity 5040K, committed 5120K, reserved 1062912K
  class space    used 393K, capacity 488K, committed 512K, reserved 1048576K
Event: 0.892 GC heap after
Heap after GC invocations=4 (full 2):
 PSYoungGen      total 51712K, used 0K [0x00000000eab00000, 0x00000000ef180000, 0x0000000100000000)
  eden space 51200K, 0% used [0x00000000eab00000,0x00000000eab00000,0x00000000edd00000)
  from space 512K, 0% used [0x00000000ef100000,0x00000000ef100000,0x00000000ef180000)
  to   space 5120K, 0% used [0x00000000ee780000,0x00000000ee780000,0x00000000eec80000)
 ParOldGen       total 79872K, used 977K [0x00000000c0000000, 0x00000000c4e00000, 0x00000000eab00000)
  object space 79872K, 1% used [0x00000000c0000000,0x00000000c00f4570,0x00000000c4e00000)
 Metaspace       used 3561K, capacity 5040K, committed 5120K, reserved 1060864K
  class space    used 393K, capacity 488K, committed 512K, reserved 1048576K
}
Event: 3.180 GC heap before
{Heap before GC invocations=5 (full 2):
 PSYoungGen      total 51712K, used 51200K [0x00000000eab00000, 0x00000000ef180000, 0x0000000100000000)
  eden space 51200K, 100% used [0x00000000eab00000,0x00000000edd00000,0x00000000edd00000)
  from space 512K, 0% used [0x00000000ef100000,0x00000000ef100000,0x00000000ef180000)
  to   space 5120K, 0% used [0x00000000ee780000,0x00000000ee780000,0x00000000eec80000)
 ParOldGen       total 79872K, used 977K [0x00000000c0000000, 0x00000000c4e00000, 0x00000000eab00000)
  object space 79872K, 1% used [0x00000000c0000000,0x00000000c00f4570,0x00000000c4e00000)
 Metaspace       used 5725K, capacity 6960K, committed 7040K, reserved 1060864K
  class space    used 548K, capacity 616K, committed 640K, reserved 1048576K
Event: 3.308 GC heap after
Heap after GC invocations=5 (full 2):
 PSYoungGen      total 67072K, used 5109K [0x00000000eab00000, 0x00000000ef800000, 0x0000000100000000)
  eden space 61952K, 0% used [0x00000000eab00000,0x00000000eab00000,0x00000000ee780000)
  from space 5120K, 99% used [0x00000000ee780000,0x00000000eec7d6f0,0x00000000eec80000)
  to   space 5120K, 0% used [0x00000000ef300000,0x00000000ef300000,0x00000000ef800000)
 ParOldGen       total 79872K, used 4894K [0x00000000c0000000, 0x00000000c4e00000, 0x00000000eab00000)
  object space 79872K, 6% used [0x00000000c0000000,0x00000000c04c7b78,0x00000000c4e00000)
 Metaspace       used 5725K, capacity 6960K, committed 7040K, reserved 1060864K
  class space    used 548K, capacity 616K, committed 640K, reserved 1048576K
}

