# JRE version: Java(TM) SE Runtime Environment (8.0_31-b13) (build 1.8.0_31-b13)
# Java VM: Java HotSpot(TM) 64-Bit Server VM (25.31-b07 mixed mode windows-amd64 compressed oops)
Heap:
 PSYoungGen      total 71680K, used 43118K [0x00000000eab00000, 0x00000000ef600000, 0x0000000100000000)
  eden space 66560K, 58% used [0x00000000eab00000,0x00000000ed0c0130,0x00000000eec00000)
  from space 5120K, 87% used [0x00000000ef100000,0x00000000ef55b998,0x00000000ef600000)
  to   space 5120K, 0% used [0x00000000eec00000,0x00000000eec00000,0x00000000ef100000)
 ParOldGen       total 94720K, used 25338K [0x00000000c0000000, 0x00000000c5c80000, 0x00000000eab00000)
  object space 94720K, 26% used [0x00000000c0000000,0x00000000c18bea70,0x00000000c5c80000)
 Metaspace       used 7966K, capacity 8254K, committed 8576K, reserved 1056768K
  class space    used 763K, capacity 817K, committed 896K, reserved 1048576K
GC Heap History (10 events):
Event: 3.580 GC heap before
{Heap before GC invocations=5 (full 0):
 PSYoungGen      total 71680K, used 71649K [0x00000000eab00000, 0x00000000ef600000, 0x0000000100000000)
  eden space 66560K, 100% used [0x00000000eab00000,0x00000000eec00000,0x00000000eec00000)
  from space 5120K, 99% used [0x00000000ef100000,0x00000000ef5f85c0,0x00000000ef600000)
  to   space 5120K, 0% used [0x00000000eec00000,0x00000000eec00000,0x00000000ef100000)
 ParOldGen       total 87552K, used 18587K [0x00000000c0000000, 0x00000000c5580000, 0x00000000eab00000)
  object space 87552K, 21% used [0x00000000c0000000,0x00000000c1226cc8,0x00000000c5580000)
 Metaspace       used 7943K, capacity 8254K, committed 8576K, reserved 1056768K
  class space    used 763K, capacity 817K, committed 896K, reserved 1048576K
Event: 3.594 GC heap after
Heap after GC invocations=5 (full 0):
 PSYoungGen      total 71680K, used 5117K [0x00000000eab00000, 0x00000000ef600000, 0x0000000100000000)
  eden space 66560K, 0% used [0x00000000eab00000,0x00000000eab00000,0x00000000eec00000)
  from space 5120K, 99% used [0x00000000eec00000,0x00000000ef0ff628,0x00000000ef100000)
  to   space 5120K, 0% used [0x00000000ef100000,0x00000000ef100000,0x00000000ef600000)
 ParOldGen       total 87552K, used 22422K [0x00000000c0000000, 0x00000000c5580000, 0x00000000eab00000)
  object space 87552K, 25% used [0x00000000c0000000,0x00000000c15e5b10,0x00000000c5580000)
 Metaspace       used 7943K, capacity 8254K, committed 8576K, reserved 1056768K
  class space    used 763K, capacity 817K, committed 896K, reserved 1048576K
}
Event: 3.869 GC heap before
{Heap before GC invocations=6 (full 0):
 PSYoungGen      total 71680K, used 71677K [0x00000000eab00000, 0x00000000ef600000, 0x0000000100000000)
  eden space 66560K, 100% used [0x00000000eab00000,0x00000000eec00000,0x00000000eec00000)
  from space 5120K, 99% used [0x00000000eec00000,0x00000000ef0ff628,0x00000000ef100000)
  to   space 5120K, 0% used [0x00000000ef100000,0x00000000ef100000,0x00000000ef600000)
 ParOldGen       total 87552K, used 22422K [0x00000000c0000000, 0x00000000c5580000, 0x00000000eab00000)
  object space 87552K, 25% used [0x00000000c0000000,0x00000000c15e5b10,0x00000000c5580000)
 Metaspace       used 7954K, capacity 8254K, committed 8576K, reserved 1056768K
  class space    used 763K, capacity 817K, committed 896K, reserved 1048576K
Event: 3.883 GC heap after
Heap after GC invocations=6 (full 0):
 PSYoungGen      total 71680K, used 5105K [0x00000000eab00000, 0x00000000ef600000, 0x0000000100000000)
  eden space 66560K, 0% used [0x00000000eab00000,0x00000000eab00000,0x00000000eec00000)
  from space 5120K, 99% used [0x00000000ef100000,0x00000000ef5fc530,0x00000000ef600000)
  to   space 5120K, 0% used [0x00000000eec00000,0x00000000eec00000,0x00000000ef100000)
 ParOldGen       total 87552K, used 36203K [0x00000000c0000000, 0x00000000c5580000, 0x00000000eab00000)
  object space 87552K, 41% used [0x00000000c0000000,0x00000000c235ada0,0x00000000c5580000)
 Metaspace       used 7954K, capacity 8254K, committed 8576K, reserved 1056768K
  class space    used 763K, capacity 817K, committed 896K, reserved 1048576K
}
Event: 4.091 GC heap before
{Heap before GC invocations=7 (full 0):
 PSYoungGen      total 71680K, used 71665K [0x00000000eab00000, 0x00000000ef600000, 0x0000000100000000)
  eden space 66560K, 100% used [0x00000000eab00000,0x00000000eec00000,0x00000000eec00000)
  from space 5120K, 99% used [0x00000000ef100000,0x00000000ef5fc530,0x00000000ef600000)
  to   space 5120K, 0% used [0x00000000eec00000,0x00000000eec00000,0x00000000ef100000)
 ParOldGen       total 87552K, used 36203K [0x00000000c0000000, 0x00000000c5580000, 0x00000000eab00000)
  object space 87552K, 41% used [0x00000000c0000000,0x00000000c235ada0,0x00000000c5580000)
 Metaspace       used 7959K, capacity 8254K, committed 8576K, reserved 1056768K
  class space    used 763K, capacity 817K, committed 896K, reserved 1048576K
Event: 4.109 GC heap after
Heap after GC invocations=7 (full 0):
 PSYoungGen      total 71680K, used 5107K [0x00000000eab00000, 0x00000000ef600000, 0x0000000100000000)
  eden space 66560K, 0% used [0x00000000eab00000,0x00000000eab00000,0x00000000eec00000)
  from space 5120K, 99% used [0x00000000eec00000,0x00000000ef0fcec8,0x00000000ef100000)
  to   space 5120K, 0% used [0x00000000ef100000,0x00000000ef100000,0x00000000ef600000)
 ParOldGen       total 87552K, used 65254K [0x00000000c0000000, 0x00000000c5580000, 0x00000000eab00000)
  object space 87552K, 74% used [0x00000000c0000000,0x00000000c3fb9ba8,0x00000000c5580000)
 Metaspace       used 7959K, capacity 8254K, committed 8576K, reserved 1056768K
  class space    used 763K, capacity 817K, committed 896K, reserved 1048576K
}
Event: 4.109 GC heap before
{Heap before GC invocations=8 (full 1):
 PSYoungGen      total 71680K, used 5107K [0x00000000eab00000, 0x00000000ef600000, 0x0000000100000000)
  eden space 66560K, 0% used [0x00000000eab00000,0x00000000eab00000,0x00000000eec00000)
  from space 5120K, 99% used [0x00000000eec00000,0x00000000ef0fcec8,0x00000000ef100000)
  to   space 5120K, 0% used [0x00000000ef100000,0x00000000ef100000,0x00000000ef600000)
 ParOldGen       total 87552K, used 65254K [0x00000000c0000000, 0x00000000c5580000, 0x00000000eab00000)
  object space 87552K, 74% used [0x00000000c0000000,0x00000000c3fb9ba8,0x00000000c5580000)
 Metaspace       used 7959K, capacity 8254K, committed 8576K, reserved 1056768K
  class space    used 763K, capacity 817K, committed 896K, reserved 1048576K
Event: 4.225 GC heap after
Heap after GC invocations=8 (full 1):
 PSYoungGen      total 71680K, used 0K [0x00000000eab00000, 0x00000000ef600000, 0x0000000100000000)
  eden space 66560K, 0% used [0x00000000eab00000,0x00000000eab00000,0x00000000eec00000)
  from space 5120K, 0% used [0x00000000eec00000,0x00000000eec00000,0x00000000ef100000)
  to   space 5120K, 0% used [0x00000000ef100000,0x00000000ef100000,0x00000000ef600000)
 ParOldGen       total 94720K, used 22897K [0x00000000c0000000, 0x00000000c5c80000, 0x00000000eab00000)
  object space 94720K, 24% used [0x00000000c0000000,0x00000000c165c648,0x00000000c5c80000)
 Metaspace       used 7959K, capacity 8254K, committed 8576K, reserved 1056768K
  class space    used 763K, capacity 817K, committed 896K, reserved 1048576K
}
Event: 4.414 GC heap before
{Heap before GC invocations=9 (full 1):
 PSYoungGen      total 71680K, used 64374K [0x00000000eab00000, 0x00000000ef600000, 0x0000000100000000)
  eden space 66560K, 96% used [0x00000000eab00000,0x00000000ee9dd9c0,0x00000000eec00000)
  from space 5120K, 0% used [0x00000000eec00000,0x00000000eec00000,0x00000000ef100000)
  to   space 5120K, 0% used [0x00000000ef100000,0x00000000ef100000,0x00000000ef600000)
 ParOldGen       total 94720K, used 22897K [0x00000000c0000000, 0x00000000c5c80000, 0x00000000eab00000)
  object space 94720K, 24% used [0x00000000c0000000,0x00000000c165c648,0x00000000c5c80000)
 Metaspace       used 7965K, capacity 8254K, committed 8576K, reserved 1056768K
  class space    used 763K, capacity 817K, committed 896K, reserved 1048576K
Event: 4.416 GC heap after
Heap after GC invocations=9 (full 1):
 PSYoungGen      total 71680K, used 4462K [0x00000000eab00000, 0x00000000ef600000, 0x0000000100000000)
  eden space 66560K, 0% used [0x00000000eab00000,0x00000000eab00000,0x00000000eec00000)
  from space 5120K, 87% used [0x00000000ef100000,0x00000000ef55b998,0x00000000ef600000)
  to   space 5120K, 0% used [0x00000000eec00000,0x00000000eec00000,0x00000000ef100000)
 ParOldGen       total 94720K, used 25338K [0x00000000c0000000, 0x00000000c5c80000, 0x00000000eab00000)
  object space 94720K, 26% used [0x00000000c0000000,0x00000000c18bea70,0x00000000c5c80000)
 Metaspace       used 7965K, capacity 8254K, committed 8576K, reserved 1056768K
  class space    used 763K, capacity 817K, committed 896K, reserved 1048576K
}

