# JRE version: Java(TM) SE Runtime Environment (8.0_31-b13) (build 1.8.0_31-b13)
# Java VM: Java HotSpot(TM) 64-Bit Server VM (25.31-b07 mixed mode windows-amd64 compressed oops)
Heap:
 PSYoungGen      total 138240K, used 26718K [0x00000000eab00000, 0x00000000ff600000, 0x0000000100000000)
  eden space 133120K, 20% used [0x00000000eab00000,0x00000000ec5179e8,0x00000000f2d00000)
  from space 5120K, 0% used [0x00000000f2d00000,0x00000000f2d00000,0x00000000f3200000)
  to   space 68096K, 0% used [0x00000000fb380000,0x00000000fb380000,0x00000000ff600000)
 ParOldGen       total 201216K, used 53047K [0x00000000c0000000, 0x00000000cc480000, 0x00000000eab00000)
  object space 201216K, 26% used [0x00000000c0000000,0x00000000c33cde08,0x00000000cc480000)
 Metaspace       used 5845K, capacity 7088K, committed 7296K, reserved 1056768K
  class space    used 550K, capacity 616K, committed 640K, reserved 1048576K
GC Heap History (10 events):
Event: 25.455 GC heap before
{Heap before GC invocations=6 (full 1):
 PSYoungGen      total 138240K, used 133120K [0x00000000eab00000, 0x00000000f3700000, 0x0000000100000000)
  eden space 133120K, 100% used [0x00000000eab00000,0x00000000f2d00000,0x00000000f2d00000)
  from space 5120K, 0% used [0x00000000f3200000,0x00000000f3200000,0x00000000f3700000)
  to   space 5120K, 0% used [0x00000000f2d00000,0x00000000f2d00000,0x00000000f3200000)
 ParOldGen       total 142848K, used 57132K [0x00000000c0000000, 0x00000000c8b80000, 0x00000000eab00000)
  object space 142848K, 39% used [0x00000000c0000000,0x00000000c37cb178,0x00000000c8b80000)
 Metaspace       used 5832K, capacity 7088K, committed 7296K, reserved 1056768K
  class space    used 550K, capacity 616K, committed 640K, reserved 1048576K
Event: 25.881 GC heap after
Heap after GC invocations=6 (full 1):
 PSYoungGen      total 138240K, used 5106K [0x00000000eab00000, 0x00000000f3700000, 0x0000000100000000)
  eden space 133120K, 0% used [0x00000000eab00000,0x00000000eab00000,0x00000000f2d00000)
  from space 5120K, 99% used [0x00000000f2d00000,0x00000000f31fca48,0x00000000f3200000)
  to   space 5120K, 0% used [0x00000000f3200000,0x00000000f3200000,0x00000000f3700000)
 ParOldGen       total 142848K, used 103954K [0x00000000c0000000, 0x00000000c8b80000, 0x00000000eab00000)
  object space 142848K, 72% used [0x00000000c0000000,0x00000000c6584b88,0x00000000c8b80000)
 Metaspace       used 5832K, capacity 7088K, committed 7296K, reserved 1056768K
  class space    used 550K, capacity 616K, committed 640K, reserved 1048576K
}
Event: 25.881 GC heap before
{Heap before GC invocations=7 (full 2):
 PSYoungGen      total 138240K, used 5106K [0x00000000eab00000, 0x00000000f3700000, 0x0000000100000000)
  eden space 133120K, 0% used [0x00000000eab00000,0x00000000eab00000,0x00000000f2d00000)
  from space 5120K, 99% used [0x00000000f2d00000,0x00000000f31fca48,0x00000000f3200000)
  to   space 5120K, 0% used [0x00000000f3200000,0x00000000f3200000,0x00000000f3700000)
 ParOldGen       total 142848K, used 103954K [0x00000000c0000000, 0x00000000c8b80000, 0x00000000eab00000)
  object space 142848K, 72% used [0x00000000c0000000,0x00000000c6584b88,0x00000000c8b80000)
 Metaspace       used 5832K, capacity 7088K, committed 7296K, reserved 1056768K
  class space    used 550K, capacity 616K, committed 640K, reserved 1048576K
Event: 26.799 GC heap after
Heap after GC invocations=7 (full 2):
 PSYoungGen      total 138240K, used 0K [0x00000000eab00000, 0x00000000f3700000, 0x0000000100000000)
  eden space 133120K, 0% used [0x00000000eab00000,0x00000000eab00000,0x00000000f2d00000)
  from space 5120K, 0% used [0x00000000f2d00000,0x00000000f2d00000,0x00000000f3200000)
  to   space 5120K, 0% used [0x00000000f3200000,0x00000000f3200000,0x00000000f3700000)
 ParOldGen       total 188928K, used 66361K [0x00000000c0000000, 0x00000000cb880000, 0x00000000eab00000)
  object space 188928K, 35% used [0x00000000c0000000,0x00000000c40ce6b0,0x00000000cb880000)
 Metaspace       used 5832K, capacity 7088K, committed 7296K, reserved 1056768K
  class space    used 550K, capacity 616K, committed 640K, reserved 1048576K
}
Event: 32.521 GC heap before
{Heap before GC invocations=8 (full 2):
 PSYoungGen      total 138240K, used 133120K [0x00000000eab00000, 0x00000000f3700000, 0x0000000100000000)
  eden space 133120K, 100% used [0x00000000eab00000,0x00000000f2d00000,0x00000000f2d00000)
  from space 5120K, 0% used [0x00000000f2d00000,0x00000000f2d00000,0x00000000f3200000)
  to   space 5120K, 0% used [0x00000000f3200000,0x00000000f3200000,0x00000000f3700000)
 ParOldGen       total 188928K, used 66361K [0x00000000c0000000, 0x00000000cb880000, 0x00000000eab00000)
  object space 188928K, 35% used [0x00000000c0000000,0x00000000c40ce6b0,0x00000000cb880000)
 Metaspace       used 5832K, capacity 7088K, committed 7296K, reserved 1056768K
  class space    used 550K, capacity 616K, committed 640K, reserved 1048576K
Event: 33.109 GC heap after
Heap after GC invocations=8 (full 2):
 PSYoungGen      total 138240K, used 5094K [0x00000000eab00000, 0x00000000f3700000, 0x0000000100000000)
  eden space 133120K, 0% used [0x00000000eab00000,0x00000000eab00000,0x00000000f2d00000)
  from space 5120K, 99% used [0x00000000f3200000,0x00000000f36f9858,0x00000000f3700000)
  to   space 5120K, 0% used [0x00000000f2d00000,0x00000000f2d00000,0x00000000f3200000)
 ParOldGen       total 188928K, used 116117K [0x00000000c0000000, 0x00000000cb880000, 0x00000000eab00000)
  object space 188928K, 61% used [0x00000000c0000000,0x00000000c71656a8,0x00000000cb880000)
 Metaspace       used 5832K, capacity 7088K, committed 7296K, reserved 1056768K
  class space    used 550K, capacity 616K, committed 640K, reserved 1048576K
}
Event: 38.390 GC heap before
{Heap before GC invocations=9 (full 2):
 PSYoungGen      total 138240K, used 138214K [0x00000000eab00000, 0x00000000f3700000, 0x0000000100000000)
  eden space 133120K, 100% used [0x00000000eab00000,0x00000000f2d00000,0x00000000f2d00000)
  from space 5120K, 99% used [0x00000000f3200000,0x00000000f36f9858,0x00000000f3700000)
  to   space 5120K, 0% used [0x00000000f2d00000,0x00000000f2d00000,0x00000000f3200000)
 ParOldGen       total 188928K, used 116117K [0x00000000c0000000, 0x00000000cb880000, 0x00000000eab00000)
  object space 188928K, 61% used [0x00000000c0000000,0x00000000c71656a8,0x00000000cb880000)
 Metaspace       used 5833K, capacity 7088K, committed 7296K, reserved 1056768K
  class space    used 550K, capacity 616K, committed 640K, reserved 1048576K
Event: 38.655 GC heap after
Heap after GC invocations=9 (full 2):
 PSYoungGen      total 138240K, used 5111K [0x00000000eab00000, 0x00000000ff600000, 0x0000000100000000)
  eden space 133120K, 0% used [0x00000000eab00000,0x00000000eab00000,0x00000000f2d00000)
  from space 5120K, 99% used [0x00000000f2d00000,0x00000000f31fdd80,0x00000000f3200000)
  to   space 68096K, 0% used [0x00000000fb380000,0x00000000fb380000,0x00000000ff600000)
 ParOldGen       total 188928K, used 133152K [0x00000000c0000000, 0x00000000cb880000, 0x00000000eab00000)
  object space 188928K, 70% used [0x00000000c0000000,0x00000000c82083c0,0x00000000cb880000)
 Metaspace       used 5833K, capacity 7088K, committed 7296K, reserved 1056768K
  class space    used 550K, capacity 616K, committed 640K, reserved 1048576K
}
Event: 38.655 GC heap before
{Heap before GC invocations=10 (full 3):
 PSYoungGen      total 138240K, used 5111K [0x00000000eab00000, 0x00000000ff600000, 0x0000000100000000)
  eden space 133120K, 0% used [0x00000000eab00000,0x00000000eab00000,0x00000000f2d00000)
  from space 5120K, 99% used [0x00000000f2d00000,0x00000000f31fdd80,0x00000000f3200000)
  to   space 68096K, 0% used [0x00000000fb380000,0x00000000fb380000,0x00000000ff600000)
 ParOldGen       total 188928K, used 133152K [0x00000000c0000000, 0x00000000cb880000, 0x00000000eab00000)
  object space 188928K, 70% used [0x00000000c0000000,0x00000000c82083c0,0x00000000cb880000)
 Metaspace       used 5833K, capacity 7088K, committed 7296K, reserved 1056768K
  class space    used 550K, capacity 616K, committed 640K, reserved 1048576K
Event: 39.797 GC heap after
Heap after GC invocations=10 (full 3):
 PSYoungGen      total 138240K, used 0K [0x00000000eab00000, 0x00000000ff600000, 0x0000000100000000)
  eden space 133120K, 0% used [0x00000000eab00000,0x00000000eab00000,0x00000000f2d00000)
  from space 5120K, 0% used [0x00000000f2d00000,0x00000000f2d00000,0x00000000f3200000)
  to   space 68096K, 0% used [0x00000000fb380000,0x00000000fb380000,0x00000000ff600000)
 ParOldGen       total 201216K, used 53047K [0x00000000c0000000, 0x00000000cc480000, 0x00000000eab00000)
  object space 201216K, 26% used [0x00000000c0000000,0x00000000c33cde08,0x00000000cc480000)
 Metaspace       used 5833K, capacity 7088K, committed 7296K, reserved 1056768K
  class space    used 550K, capacity 616K, committed 640K, reserved 1048576K
}

